2024-03-28 22:46:22 INFO  Web Demo Shop:42 - Registration button clicked
2024-03-28 22:46:23 INFO  Web Demo Shop:45 - Gender selected
2024-03-28 22:46:23 INFO  Web Demo Shop:47 - First name entered
2024-03-28 22:46:23 INFO  Web Demo Shop:49 - Last name entered
2024-03-28 22:46:23 INFO  Web Demo Shop:51 - Email entered
2024-03-28 22:46:23 INFO  Web Demo Shop:53 - Password entered
2024-03-28 22:46:23 INFO  Web Demo Shop:55 - Password confirmed
2024-03-28 22:46:24 INFO  Web Demo Shop:57 - Clicked registration for submission
2024-03-28 22:46:24 INFO  Web Demo Shop:62 - Registration completed successfully
2024-03-28 22:53:48 INFO  Web Demo Shop:42 - Registration button clicked
2024-03-28 22:53:48 INFO  Web Demo Shop:45 - Gender selected
2024-03-28 22:53:49 INFO  Web Demo Shop:47 - First name entered
2024-03-28 22:53:49 INFO  Web Demo Shop:49 - Last name entered
2024-03-28 22:53:49 INFO  Web Demo Shop:51 - Email entered
2024-03-28 22:53:49 INFO  Web Demo Shop:53 - Password entered
2024-03-28 22:53:49 INFO  Web Demo Shop:55 - Password confirmed
2024-03-28 22:53:49 INFO  Web Demo Shop:57 - Clicked registration for submission
2024-03-28 22:58:39 INFO  Web Demo Shop:42 - Registration button clicked
2024-03-28 22:58:39 INFO  Web Demo Shop:45 - Gender selected
2024-03-28 22:58:39 INFO  Web Demo Shop:47 - First name entered
2024-03-28 22:58:39 INFO  Web Demo Shop:49 - Last name entered
2024-03-28 22:58:39 INFO  Web Demo Shop:51 - Email entered
2024-03-28 22:58:39 INFO  Web Demo Shop:53 - Password entered
2024-03-28 22:58:39 INFO  Web Demo Shop:55 - Password confirmed
2024-03-28 22:58:40 INFO  Web Demo Shop:57 - Clicked registration for submission
2024-03-28 22:58:40 INFO  Web Demo Shop:62 - Registration completed successfully
2024-03-29 08:57:20 INFO  Web Demo Shop:44 - Registration button clicked
2024-03-29 08:57:20 INFO  Web Demo Shop:47 - Gender selected
2024-03-29 08:57:21 INFO  Web Demo Shop:49 - First name entered
2024-03-29 08:57:21 INFO  Web Demo Shop:51 - Last name entered
2024-03-29 08:57:21 INFO  Web Demo Shop:55 - Email entered
2024-03-29 08:57:21 INFO  Web Demo Shop:57 - Password entered
2024-03-29 08:57:21 INFO  Web Demo Shop:59 - Password confirmed
2024-03-29 08:57:22 INFO  Web Demo Shop:61 - Clicked registration for submission
2024-03-29 08:57:22 INFO  Web Demo Shop:66 - Registration completed successfully
2024-03-29 09:38:33 INFO  Web Demo Shop:44 - Registration button clicked
2024-03-29 09:38:33 INFO  Web Demo Shop:47 - Gender selected
2024-03-29 09:38:33 INFO  Web Demo Shop:49 - First name entered
2024-03-29 09:38:34 INFO  Web Demo Shop:51 - Last name entered
2024-03-29 09:38:34 INFO  Web Demo Shop:55 - Email entered
2024-03-29 09:38:34 INFO  Web Demo Shop:57 - Password entered
2024-03-29 09:38:34 INFO  Web Demo Shop:59 - Password confirmed
2024-03-29 09:38:35 INFO  Web Demo Shop:61 - Clicked registration for submission
2024-03-29 09:38:35 INFO  Web Demo Shop:66 - Registration completed successfully
2024-03-29 09:44:19 INFO  Demo Web Shop:17 - URL is opened
2024-03-29 09:44:20 INFO  Demo Web Shop:22 - Login button clicked
2024-03-29 09:44:20 INFO  Demo Web Shop:24 - Email entered
2024-03-29 09:44:20 INFO  Demo Web Shop:26 - Password entered
2024-03-29 09:44:20 INFO  Demo Web Shop:28 - Login to submit clicked
2024-03-29 09:44:54 INFO  Demo Web Shop:17 - URL is opened
2024-03-29 09:44:54 INFO  Demo Web Shop:22 - Login button clicked
2024-03-29 09:44:54 INFO  Demo Web Shop:24 - Email entered
2024-03-29 09:44:54 INFO  Demo Web Shop:26 - Password entered
2024-03-29 09:44:55 INFO  Demo Web Shop:28 - Login to submit clicked
2024-03-29 09:47:47 INFO  Demo Web Shop:17 - URL is opened
2024-03-29 09:47:47 INFO  Demo Web Shop:22 - Login button clicked
2024-03-29 09:47:50 INFO  Demo Web Shop:25 - Email entered
2024-03-29 09:47:50 INFO  Demo Web Shop:27 - Password entered
2024-03-29 09:47:50 INFO  Demo Web Shop:29 - Login to submit clicked
2024-03-29 09:49:32 INFO  Demo Web Shop:17 - URL is opened
2024-03-29 09:49:32 INFO  Demo Web Shop:22 - Login button clicked
2024-03-29 09:49:34 INFO  Demo Web Shop:25 - Email entered
2024-03-29 09:49:34 INFO  Demo Web Shop:27 - Password entered
2024-03-29 09:49:34 INFO  Demo Web Shop:29 - Login to submit clicked
2024-03-29 09:49:36 INFO  Demo Web Shop:47 - Title not found
2024-03-29 09:51:32 INFO  Demo Web Shop:17 - URL is opened
2024-03-29 09:51:32 INFO  Demo Web Shop:22 - Login button clicked
2024-03-29 09:51:34 INFO  Demo Web Shop:25 - Email entered
2024-03-29 09:51:34 INFO  Demo Web Shop:27 - Password entered
2024-03-29 09:51:35 INFO  Demo Web Shop:29 - Login to submit clicked
2024-03-29 09:53:14 INFO  Demo Web Shop:17 - URL is opened
2024-03-29 09:53:15 INFO  Demo Web Shop:22 - Login button clicked
2024-03-29 09:53:17 INFO  Demo Web Shop:25 - Email entered
2024-03-29 09:53:17 INFO  Demo Web Shop:27 - Password entered
2024-03-29 09:53:17 INFO  Demo Web Shop:29 - Login to submit clicked
2024-03-29 09:54:26 INFO  Demo Web Shop:17 - URL is opened
2024-03-29 09:54:27 INFO  Demo Web Shop:22 - Login button clicked
2024-03-29 09:54:29 INFO  Demo Web Shop:25 - Email entered
2024-03-29 09:54:29 INFO  Demo Web Shop:27 - Password entered
2024-03-29 09:54:29 INFO  Demo Web Shop:29 - Login to submit clicked
2024-03-29 09:54:31 INFO  Demo Web Shop:44 - Title found
2024-03-29 09:56:11 INFO  Demo Web Shop:17 - URL is opened
2024-03-29 09:56:12 INFO  Demo Web Shop:22 - Login button clicked
2024-03-29 09:56:14 INFO  Demo Web Shop:25 - Email entered
2024-03-29 09:56:14 INFO  Demo Web Shop:27 - Password entered
2024-03-29 09:56:14 INFO  Demo Web Shop:29 - Login to submit clicked
2024-03-29 09:56:16 INFO  Demo Web Shop:37 - Title found
2024-03-29 09:56:16 INFO  Demo Web Shop:49 - Login successful
2024-03-29 09:57:56 INFO  Web Demo Shop:44 - Registration button clicked
2024-03-29 09:57:56 INFO  Web Demo Shop:47 - Gender selected
2024-03-29 09:57:56 INFO  Web Demo Shop:49 - First name entered
2024-03-29 09:57:56 INFO  Web Demo Shop:51 - Last name entered
2024-03-29 09:57:56 INFO  Web Demo Shop:55 - Email entered
2024-03-29 09:57:56 INFO  Web Demo Shop:57 - Password entered
2024-03-29 09:57:56 INFO  Web Demo Shop:59 - Password confirmed
2024-03-29 09:57:58 INFO  Web Demo Shop:61 - Clicked registration for submission
2024-03-29 09:57:58 INFO  Web Demo Shop:66 - Registration completed successfully
2024-03-29 09:58:04 INFO  Demo Web Shop:17 - URL is opened
2024-03-29 09:58:04 INFO  Demo Web Shop:22 - Login button clicked
2024-03-29 09:58:07 INFO  Demo Web Shop:25 - Email entered
2024-03-29 09:58:07 INFO  Demo Web Shop:27 - Password entered
2024-03-29 09:58:07 INFO  Demo Web Shop:29 - Login to submit clicked
2024-03-29 09:58:09 INFO  Demo Web Shop:37 - Title found
2024-03-29 09:58:09 INFO  Demo Web Shop:49 - Login successful
2024-03-29 10:01:21 INFO  Web Demo Shop:44 - Registration button clicked
2024-03-29 10:01:22 INFO  Web Demo Shop:47 - Gender selected
2024-03-29 10:01:22 INFO  Web Demo Shop:49 - First name entered
2024-03-29 10:01:22 INFO  Web Demo Shop:51 - Last name entered
2024-03-29 10:01:22 INFO  Web Demo Shop:55 - Email entered
2024-03-29 10:01:22 INFO  Web Demo Shop:57 - Password entered
2024-03-29 10:01:22 INFO  Web Demo Shop:59 - Password confirmed
2024-03-29 10:01:23 INFO  Web Demo Shop:61 - Clicked registration for submission
2024-03-29 10:01:23 INFO  Web Demo Shop:66 - Registration completed successfully
2024-03-29 10:01:28 INFO  Demo Web Shop:17 - URL is opened
2024-03-29 10:01:28 INFO  Demo Web Shop:22 - Login button clicked
2024-03-29 10:01:30 INFO  Demo Web Shop:25 - Email entered
2024-03-29 10:01:30 INFO  Demo Web Shop:27 - Password entered
2024-03-29 10:01:31 INFO  Demo Web Shop:29 - Login to submit clicked
2024-03-29 10:01:33 INFO  Demo Web Shop:41 - Title not found
2024-03-29 10:03:19 INFO  Web Demo Shop:44 - Registration button clicked
2024-03-29 10:03:19 INFO  Web Demo Shop:47 - Gender selected
2024-03-29 10:03:19 INFO  Web Demo Shop:49 - First name entered
2024-03-29 10:03:19 INFO  Web Demo Shop:51 - Last name entered
2024-03-29 10:03:19 INFO  Web Demo Shop:55 - Email entered
2024-03-29 10:03:19 INFO  Web Demo Shop:57 - Password entered
2024-03-29 10:03:19 INFO  Web Demo Shop:59 - Password confirmed
2024-03-29 10:03:20 INFO  Web Demo Shop:61 - Clicked registration for submission
2024-03-29 10:03:20 INFO  Web Demo Shop:66 - Registration completed successfully
2024-03-29 10:03:25 INFO  Demo Web Shop:17 - URL is opened
2024-03-29 10:03:25 INFO  Demo Web Shop:22 - Login button clicked
2024-03-29 10:03:27 INFO  Demo Web Shop:26 - Email entered
2024-03-29 10:03:27 INFO  Demo Web Shop:28 - Password entered
2024-03-29 10:03:28 INFO  Demo Web Shop:30 - Login to submit clicked
2024-03-29 10:03:30 INFO  Demo Web Shop:39 - Title found
2024-03-29 10:03:30 INFO  Demo Web Shop:51 - Login successful
2024-03-29 10:30:01 INFO  Web Demo Shop:44 - Registration button clicked
2024-03-29 10:30:01 INFO  Web Demo Shop:47 - Gender selected
2024-03-29 10:30:01 INFO  Web Demo Shop:49 - First name entered
2024-03-29 10:30:01 INFO  Web Demo Shop:51 - Last name entered
2024-03-29 10:30:01 INFO  Web Demo Shop:55 - Email entered
2024-03-29 10:30:01 INFO  Web Demo Shop:57 - Password entered
2024-03-29 10:30:01 INFO  Web Demo Shop:59 - Password confirmed
2024-03-29 10:30:03 INFO  Web Demo Shop:61 - Clicked registration for submission
2024-03-29 10:30:03 INFO  Web Demo Shop:66 - Registration completed successfully
2024-03-29 10:30:08 INFO  Demo Web Shop:18 - URL is opened
2024-03-29 10:30:08 INFO  Demo Web Shop:23 - Login button clicked
2024-03-29 10:30:10 INFO  Demo Web Shop:26 - Email entered
2024-03-29 10:30:10 INFO  Demo Web Shop:28 - Password entered
2024-03-29 10:30:11 INFO  Demo Web Shop:30 - Login to submit clicked
2024-03-29 10:30:13 INFO  Demo Web Shop:35 - Title found
2024-03-29 10:30:13 INFO  Demo Web Shop:47 - Login successful
2024-03-29 10:37:29 INFO  Web Demo Shop:44 - Registration button clicked
2024-03-29 10:37:29 INFO  Web Demo Shop:47 - Gender selected
2024-03-29 10:37:29 INFO  Web Demo Shop:49 - First name entered
2024-03-29 10:37:29 INFO  Web Demo Shop:51 - Last name entered
2024-03-29 10:37:29 INFO  Web Demo Shop:55 - Email entered
2024-03-29 10:37:29 INFO  Web Demo Shop:57 - Password entered
2024-03-29 10:37:29 INFO  Web Demo Shop:59 - Password confirmed
2024-03-29 10:37:30 INFO  Web Demo Shop:61 - Clicked registration for submission
2024-03-29 10:37:30 INFO  Web Demo Shop:66 - Registration completed successfully
2024-03-29 10:37:36 INFO  Demo Web Shop:70 - Test Passed
2024-03-29 10:37:36 INFO  Demo Web Shop:70 - Test Passed
2024-03-29 10:37:36 INFO  Demo Web Shop:18 - URL is opened
2024-03-29 10:37:37 INFO  Demo Web Shop:23 - Login button clicked
2024-03-29 10:37:39 INFO  Demo Web Shop:26 - Email entered
2024-03-29 10:37:39 INFO  Demo Web Shop:28 - Password entered
2024-03-29 10:37:39 INFO  Demo Web Shop:30 - Login to submit clicked
2024-03-29 10:37:41 INFO  Demo Web Shop:35 - Title found
2024-03-29 10:37:41 INFO  Demo Web Shop:47 - Login successful
2024-03-29 10:39:25 INFO  Web Demo Shop:44 - Registration button clicked
2024-03-29 10:39:25 INFO  Web Demo Shop:47 - Gender selected
2024-03-29 10:39:26 INFO  Web Demo Shop:49 - First name entered
2024-03-29 10:39:26 INFO  Web Demo Shop:51 - Last name entered
2024-03-29 10:39:26 INFO  Web Demo Shop:55 - Email entered
2024-03-29 10:39:26 INFO  Web Demo Shop:57 - Password entered
2024-03-29 10:39:26 INFO  Web Demo Shop:59 - Password confirmed
2024-03-29 10:39:28 INFO  Web Demo Shop:61 - Clicked registration for submission
2024-03-29 10:39:28 INFO  Web Demo Shop:66 - Registration completed successfully
2024-03-29 10:39:33 INFO  Demo Web Shop:70 - Catagory items do not match
2024-03-29 10:39:33 INFO  Demo Web Shop:70 - Catagory items do not match
2024-03-29 10:39:33 INFO  Demo Web Shop:18 - URL is opened
2024-03-29 10:39:34 INFO  Demo Web Shop:23 - Login button clicked
2024-03-29 10:39:36 INFO  Demo Web Shop:26 - Email entered
2024-03-29 10:39:36 INFO  Demo Web Shop:28 - Password entered
2024-03-29 10:39:37 INFO  Demo Web Shop:30 - Login to submit clicked
2024-03-29 10:39:39 INFO  Demo Web Shop:35 - Title found
2024-03-29 10:39:39 INFO  Demo Web Shop:47 - Login successful
2024-03-29 10:41:15 INFO  Web Demo Shop:44 - Registration button clicked
2024-03-29 10:41:15 INFO  Web Demo Shop:47 - Gender selected
2024-03-29 10:41:15 INFO  Web Demo Shop:49 - First name entered
2024-03-29 10:41:15 INFO  Web Demo Shop:51 - Last name entered
2024-03-29 10:41:15 INFO  Web Demo Shop:55 - Email entered
2024-03-29 10:41:15 INFO  Web Demo Shop:57 - Password entered
2024-03-29 10:41:15 INFO  Web Demo Shop:59 - Password confirmed
2024-03-29 10:41:16 INFO  Web Demo Shop:61 - Clicked registration for submission
2024-03-29 10:41:16 INFO  Web Demo Shop:66 - Registration completed successfully
2024-03-29 10:41:21 INFO  Demo Web Shop:71 - Catagory items do not match
2024-03-29 10:41:21 INFO  Demo Web Shop:71 - Catagory items do not match
2024-03-29 10:41:21 INFO  Demo Web Shop:18 - URL is opened
2024-03-29 10:41:22 INFO  Demo Web Shop:23 - Login button clicked
2024-03-29 10:41:24 INFO  Demo Web Shop:26 - Email entered
2024-03-29 10:41:24 INFO  Demo Web Shop:28 - Password entered
2024-03-29 10:41:24 INFO  Demo Web Shop:30 - Login to submit clicked
2024-03-29 10:41:26 INFO  Demo Web Shop:35 - Title found
2024-03-29 10:41:27 INFO  Demo Web Shop:47 - Login successful
2024-03-29 10:42:54 INFO  Web Demo Shop:44 - Registration button clicked
2024-03-29 10:42:54 INFO  Web Demo Shop:47 - Gender selected
2024-03-29 10:42:54 INFO  Web Demo Shop:49 - First name entered
2024-03-29 10:42:54 INFO  Web Demo Shop:51 - Last name entered
2024-03-29 10:42:54 INFO  Web Demo Shop:55 - Email entered
2024-03-29 10:42:54 INFO  Web Demo Shop:57 - Password entered
2024-03-29 10:42:55 INFO  Web Demo Shop:59 - Password confirmed
2024-03-29 10:42:55 INFO  Web Demo Shop:61 - Clicked registration for submission
2024-03-29 10:42:55 INFO  Web Demo Shop:66 - Registration completed successfully
2024-03-29 10:43:00 INFO  Demo Web Shop:67 - Catagory items are matching
2024-03-29 10:43:00 INFO  Demo Web Shop:71 - Catagory items do not match
2024-03-29 10:43:00 INFO  Demo Web Shop:18 - URL is opened
2024-03-29 10:43:01 INFO  Demo Web Shop:23 - Login button clicked
2024-03-29 10:43:03 INFO  Demo Web Shop:26 - Email entered
2024-03-29 10:43:03 INFO  Demo Web Shop:28 - Password entered
2024-03-29 10:43:04 INFO  Demo Web Shop:30 - Login to submit clicked
2024-03-29 10:43:06 INFO  Demo Web Shop:35 - Title found
2024-03-29 10:43:06 INFO  Demo Web Shop:47 - Login successful
